Start testing: Jan 27 18:28 RTZ 2 (çèìà)
----------------------------------------------------------
6/6 Testing: quadratic_equation.test6
6/6 Test: quadratic_equation.test6
Command: "C:/Projects/example7/build/mytests.exe" "--gtest_filter=quadratic_equation.test6" "--gtest_also_run_disabled_tests"
Directory: C:/Projects/example7/build
"quadratic_equation.test6" start time: Jan 27 18:28 RTZ 2 (çèìà)
Output:
----------------------------------------------------------
Note: Google Test filter = quadratic_equation.test6
[==========] Running 1 test from 1 test suite.
[----------] Global test environment set-up.
[----------] 1 test from quadratic_equation
[ RUN      ] quadratic_equation.test6
[       OK ] quadratic_equation.test6 (0 ms)
[----------] 1 test from quadratic_equation (0 ms total)

[----------] Global test environment tear-down
[==========] 1 test from 1 test suite ran. (0 ms total)
[  PASSED  ] 1 test.
<end of output>
Test time =   0.01 sec
----------------------------------------------------------
Test Passed.
"quadratic_equation.test6" end time: Jan 27 18:28 RTZ 2 (çèìà)
"quadratic_equation.test6" time elapsed: 00:00:00
----------------------------------------------------------

End testing: Jan 27 18:28 RTZ 2 (çèìà)
